[2023-01-20 23:44:51] [ INFO ] [CategoryService:33] Iniciando Proceso: Buscando todos los pacientes.
[2023-01-21 14:46:30] [ INFO ] [CategoryService:33] Iniciando Proceso: Buscando todos los pacientes.
[2023-01-21 14:51:24] [ INFO ] [CategoryService:33] Iniciando Proceso: Buscando todos los pacientes.
[2023-01-21 14:51:29] [ INFO ] [CategoryService:33] Iniciando Proceso: Buscando todos los pacientes.
[2023-01-21 14:51:29] [ INFO ] [CategoryService:33] Iniciando Proceso: Buscando todos los pacientes.
[2023-01-21 14:51:44] [ INFO ] [CategoryService:33] Iniciando Proceso: Buscando todos los pacientes.
[2023-01-21 14:53:15] [ INFO ] [CategoryService:33] Iniciando Proceso: Buscando todos los pacientes.
[2023-01-21 14:53:22] [ INFO ] [CategoryService:33] Iniciando Proceso: Buscando todos los pacientes.
[2023-01-21 17:11:12] [ INFO ] [CategoryService:33] Iniciando Proceso: Buscando todos los pacientes.
[2023-01-21 17:11:12] [ INFO ] [CategoryService:33] Iniciando Proceso: Buscando todos los pacientes.
[2023-01-21 17:12:04] [ INFO ] [CategoryService:33] Iniciando Proceso: Buscando todos los pacientes.
[2023-01-21 17:12:04] [ INFO ] [CategoryService:33] Iniciando Proceso: Buscando todos los pacientes.
[2023-01-21 17:14:24] [ INFO ] [CategoryService:33] Iniciando Proceso: Buscando todos los pacientes.
[2023-01-21 17:14:24] [ INFO ] [CategoryService:33] Iniciando Proceso: Buscando todos los pacientes.
[2023-01-22 13:42:16] [ INFO ] [CategoryService:33] Iniciando Proceso: Buscando todos los pacientes.
[2023-01-22 13:42:17] [ INFO ] [CategoryService:33] Iniciando Proceso: Buscando todos los pacientes.
[2023-01-22 13:42:41] [ INFO ] [CategoryService:33] Iniciando Proceso: Buscando todos los pacientes.
[2023-01-22 13:42:41] [ INFO ] [CategoryService:33] Iniciando Proceso: Buscando todos los pacientes.
[2023-01-22 13:42:46] [ INFO ] [CategoryService:33] Iniciando Proceso: Buscando todos los pacientes.
[2023-01-22 13:42:46] [ INFO ] [CategoryService:33] Iniciando Proceso: Buscando todos los pacientes.
[2023-01-22 13:44:15] [ INFO ] [CategoryService:33] Iniciando Proceso: Buscando todos los pacientes.
[2023-01-22 13:44:15] [ INFO ] [CategoryService:33] Iniciando Proceso: Buscando todos los pacientes.
[2023-01-22 13:44:26] [ INFO ] [CategoryService:33] Iniciando Proceso: Buscando todos los pacientes.
[2023-01-22 13:44:26] [ INFO ] [CategoryService:33] Iniciando Proceso: Buscando todos los pacientes.
[2023-01-22 13:45:41] [ INFO ] [CategoryService:33] Iniciando Proceso: Buscando todos los pacientes.
[2023-01-22 13:45:41] [ INFO ] [CategoryService:33] Iniciando Proceso: Buscando todos los pacientes.
[2023-01-22 13:47:50] [ INFO ] [CategoryService:33] Iniciando Proceso: Buscando todos los pacientes.
[2023-01-22 13:47:50] [ INFO ] [CategoryService:33] Iniciando Proceso: Buscando todos los pacientes.
[2023-01-22 13:48:50] [ INFO ] [CategoryService:33] Iniciando Proceso: Buscando todos los pacientes.
[2023-01-22 13:48:50] [ INFO ] [CategoryService:33] Iniciando Proceso: Buscando todos los pacientes.
[2023-01-22 13:55:51] [ INFO ] [CategoryService:33] Iniciando Proceso: Buscando todos los pacientes.
[2023-01-22 13:55:51] [ INFO ] [CategoryService:33] Iniciando Proceso: Buscando todos los pacientes.
[2023-01-22 13:57:58] [ INFO ] [CategoryService:33] Iniciando Proceso: Buscando todos los pacientes.
[2023-01-22 13:57:58] [ INFO ] [CategoryService:33] Iniciando Proceso: Buscando todos los pacientes.
[2023-01-22 14:01:29] [ INFO ] [CategoryService:33] Iniciando Proceso: Buscando todos los pacientes.
[2023-01-22 14:01:29] [ INFO ] [CategoryService:33] Iniciando Proceso: Buscando todos los pacientes.
[2023-01-22 14:03:37] [ INFO ] [CategoryService:33] Iniciando Proceso: Buscando todos los pacientes.
[2023-01-22 14:03:37] [ INFO ] [CategoryService:33] Iniciando Proceso: Buscando todos los pacientes.
[2023-01-22 14:09:15] [ INFO ] [CategoryService:33] Iniciando Proceso: Buscando todos los pacientes.
[2023-01-22 14:09:15] [ INFO ] [CategoryService:33] Iniciando Proceso: Buscando todos los pacientes.
[2023-01-22 14:11:09] [ INFO ] [CategoryService:33] Iniciando Proceso: Buscando todos los pacientes.
[2023-01-22 14:11:09] [ INFO ] [CategoryService:33] Iniciando Proceso: Buscando todos los pacientes.
[2023-01-22 14:11:54] [ INFO ] [CategoryService:33] Iniciando Proceso: Buscando todos los pacientes.
[2023-01-22 14:11:54] [ INFO ] [CategoryService:33] Iniciando Proceso: Buscando todos los pacientes.
[2023-01-22 14:15:01] [ INFO ] [CategoryService:33] Iniciando Proceso: Buscando todos los pacientes.
[2023-01-22 14:15:01] [ INFO ] [CategoryService:33] Iniciando Proceso: Buscando todos los pacientes.
[2023-01-22 14:46:19] [ INFO ] [CategoryService:33] Iniciando Proceso: Buscando todos los pacientes.
[2023-01-22 14:46:19] [ INFO ] [CategoryService:33] Iniciando Proceso: Buscando todos los pacientes.
[2023-01-22 14:46:29] [ INFO ] [CategoryService:33] Iniciando Proceso: Buscando todos los pacientes.
[2023-01-22 14:46:29] [ INFO ] [CategoryService:33] Iniciando Proceso: Buscando todos los pacientes.
[2023-01-22 14:47:49] [ INFO ] [CategoryService:33] Iniciando Proceso: Buscando todos los pacientes.
[2023-01-22 14:47:49] [ INFO ] [CategoryService:33] Iniciando Proceso: Buscando todos los pacientes.
[2023-01-22 14:48:05] [ INFO ] [CategoryService:33] Iniciando Proceso: Buscando todos los pacientes.
[2023-01-22 14:48:05] [ INFO ] [CategoryService:33] Iniciando Proceso: Buscando todos los pacientes.
[2023-01-22 14:48:55] [ INFO ] [CategoryService:33] Iniciando Proceso: Buscando todos los pacientes.
[2023-01-22 14:48:55] [ INFO ] [CategoryService:33] Iniciando Proceso: Buscando todos los pacientes.
[2023-01-22 14:48:57] [ INFO ] [CategoryService:33] Iniciando Proceso: Buscando todos los pacientes.
[2023-01-22 14:48:57] [ INFO ] [CategoryService:33] Iniciando Proceso: Buscando todos los pacientes.
[2023-01-22 14:49:16] [ INFO ] [CategoryService:33] Iniciando Proceso: Buscando todos los pacientes.
[2023-01-22 14:49:16] [ INFO ] [CategoryService:33] Iniciando Proceso: Buscando todos los pacientes.
[2023-01-22 14:50:36] [ INFO ] [CategoryService:33] Iniciando Proceso: Buscando todos los pacientes.
[2023-01-22 14:50:36] [ INFO ] [CategoryService:33] Iniciando Proceso: Buscando todos los pacientes.
[2023-01-22 14:52:05] [ INFO ] [CategoryService:33] Iniciando Proceso: Buscando todos los pacientes.
[2023-01-22 14:52:05] [ INFO ] [CategoryService:33] Iniciando Proceso: Buscando todos los pacientes.
[2023-01-22 14:52:21] [ INFO ] [CategoryService:33] Iniciando Proceso: Buscando todos los pacientes.
[2023-01-22 14:52:21] [ INFO ] [CategoryService:33] Iniciando Proceso: Buscando todos los pacientes.
[2023-01-22 17:34:49] [ INFO ] [CategoryService:33] Iniciando Proceso: Buscando todos los pacientes.
[2023-01-22 17:34:49] [ INFO ] [CategoryService:33] Iniciando Proceso: Buscando todos los pacientes.
[2023-01-22 17:34:56] [ INFO ] [CategoryService:33] Iniciando Proceso: Buscando todos los pacientes.
[2023-01-22 17:34:56] [ INFO ] [CategoryService:33] Iniciando Proceso: Buscando todos los pacientes.
[2023-01-22 17:36:03] [ INFO ] [CategoryService:33] Iniciando Proceso: Buscando todos los pacientes.
[2023-01-22 17:36:03] [ INFO ] [CategoryService:33] Iniciando Proceso: Buscando todos los pacientes.
[2023-01-22 17:42:31] [ INFO ] [CategoryService:33] Iniciando Proceso: Buscando todos los pacientes.
[2023-01-22 17:42:31] [ INFO ] [CategoryService:33] Iniciando Proceso: Buscando todos los pacientes.
[2023-01-22 17:42:56] [ INFO ] [CategoryService:33] Iniciando Proceso: Buscando todos los pacientes.
[2023-01-22 17:42:56] [ INFO ] [CategoryService:33] Iniciando Proceso: Buscando todos los pacientes.
[2023-01-22 17:43:36] [ INFO ] [CategoryService:33] Iniciando Proceso: Buscando todos los pacientes.
[2023-01-22 17:43:36] [ INFO ] [CategoryService:33] Iniciando Proceso: Buscando todos los pacientes.
[2023-01-22 17:47:16] [ INFO ] [CategoryService:33] Iniciando Proceso: Buscando todos los pacientes.
[2023-01-22 17:47:16] [ INFO ] [CategoryService:33] Iniciando Proceso: Buscando todos los pacientes.
[2023-01-22 17:56:28] [ INFO ] [CategoryService:33] Iniciando Proceso: Buscando todos los pacientes.
[2023-01-22 17:56:28] [ INFO ] [CategoryService:33] Iniciando Proceso: Buscando todos los pacientes.
[2023-01-23 16:23:39] [ INFO ] [CategoryService:33] Iniciando Proceso: Buscando todos los pacientes.
[2023-01-23 16:23:40] [ INFO ] [CategoryService:33] Iniciando Proceso: Buscando todos los pacientes.
[2023-01-23 16:25:25] [ INFO ] [CategoryService:33] Iniciando Proceso: Buscando todos los pacientes.
[2023-01-23 16:25:25] [ INFO ] [CategoryService:33] Iniciando Proceso: Buscando todos los pacientes.
[2023-01-23 16:25:57] [ INFO ] [CategoryService:33] Iniciando Proceso: Buscando todos los pacientes.
[2023-01-23 16:25:57] [ INFO ] [CategoryService:33] Iniciando Proceso: Buscando todos los pacientes.
[2023-01-23 16:34:08] [ INFO ] [CategoryService:33] Iniciando Proceso: Buscando todos los pacientes.
[2023-01-23 16:34:09] [ INFO ] [CategoryService:33] Iniciando Proceso: Buscando todos los pacientes.
[2023-01-23 16:34:25] [ INFO ] [CategoryService:33] Iniciando Proceso: Buscando todos los pacientes.
[2023-01-23 16:34:25] [ INFO ] [CategoryService:33] Iniciando Proceso: Buscando todos los pacientes.
[2023-01-23 16:34:57] [ INFO ] [CategoryService:33] Iniciando Proceso: Buscando todos los pacientes.
[2023-01-23 16:39:34] [ INFO ] [CategoryService:43] Iniciando proceso de registro de nuevo usuario: null
[2023-01-23 16:41:08] [ INFO ] [CategoryService:43] Iniciando proceso de registro de nuevo usuario: Prueba
[2023-01-23 16:42:15] [ INFO ] [CategoryService:43] Iniciando proceso de registro de nuevo usuario: Prueba 2
[2023-01-23 16:42:34] [ INFO ] [CategoryService:33] Iniciando Proceso: Buscando todos los pacientes.
[2023-01-23 16:42:34] [ INFO ] [CategoryService:33] Iniciando Proceso: Buscando todos los pacientes.
[2023-01-23 16:42:34] [ INFO ] [CategoryService:33] Iniciando Proceso: Buscando todos los pacientes.
[2023-01-23 16:42:34] [ INFO ] [CategoryService:33] Iniciando Proceso: Buscando todos los pacientes.
[2023-01-23 16:49:54] [ INFO ] [CategoryService:33] Iniciando Proceso: Buscando todos los pacientes.
[2023-01-23 16:50:30] [ WARN ] [CategoryService:51] Se ha eliminado la categoria con id: 475348
[2023-01-23 16:50:38] [ INFO ] [CategoryService:33] Iniciando Proceso: Buscando todos los pacientes.
[2023-01-25 17:43:03] [ INFO ] [CategoryService:33] Iniciando Proceso: Buscando todos los pacientes.
[2023-01-25 17:45:16] [ INFO ] [CategoryService:43] Iniciando proceso de registro de nuevo usuario: Prueba
[2023-01-26 08:30:35] [ INFO ] [CategoryService:33] Iniciando Proceso: Buscando todas las categorias.
[2023-01-26 08:30:35] [ INFO ] [CategoryService:33] Iniciando Proceso: Buscando todas las categorias.
[2023-01-26 08:41:42] [ INFO ] [CategoryService:33] Iniciando Proceso: Buscando todas las categorias.
[2023-01-26 08:41:42] [ INFO ] [CategoryService:33] Iniciando Proceso: Buscando todas las categorias.
[2023-01-26 08:48:37] [ INFO ] [CategoryService:33] Iniciando Proceso: Buscando todas las categorias.
[2023-01-26 08:56:19] [ INFO ] [CategoryService:33] Iniciando Proceso: Buscando todas las categorias.
[2023-01-26 09:00:53] [ INFO ] [CategoryService:33] Iniciando Proceso: Buscando todas las categorias.
[2023-01-26 09:03:07] [ INFO ] [CategoryService:33] Iniciando Proceso: Buscando todas las categorias.
[2023-01-26 09:04:55] [ INFO ] [CategoryService:33] Iniciando Proceso: Buscando todas las categorias.
[2023-01-26 09:05:23] [ INFO ] [CategoryService:33] Iniciando Proceso: Buscando todas las categorias.
[2023-01-26 09:05:23] [ INFO ] [CategoryService:33] Iniciando Proceso: Buscando todas las categorias.
[2023-01-26 09:17:28] [ INFO ] [CategoryService:33] Iniciando Proceso: Buscando todas las categorias.
[2023-01-26 09:17:28] [ INFO ] [CategoryService:33] Iniciando Proceso: Buscando todas las categorias.
[2023-01-26 09:20:10] [ INFO ] [CategoryService:33] Iniciando Proceso: Buscando todas las categorias.
[2023-01-26 09:20:10] [ INFO ] [CategoryService:33] Iniciando Proceso: Buscando todas las categorias.
